Determining if the pthread_create exist failed with the following output:
Change Dir: /home/mir-lab/mirvehicle_ws/build/CMakeFiles/CMakeTmp

Run Build Command:/usr/bin/make "cmTryCompileExec1251422005/fast"
/usr/bin/make -f CMakeFiles/cmTryCompileExec1251422005.dir/build.make CMakeFiles/cmTryCompileExec1251422005.dir/build
make[1]: Entering directory `/home/mir-lab/mirvehicle_ws/build/CMakeFiles/CMakeTmp'
/usr/bin/cmake -E cmake_progress_report /home/mir-lab/mirvehicle_ws/build/CMakeFiles/CMakeTmp/CMakeFiles 1
Building C object CMakeFiles/cmTryCompileExec1251422005.dir/CheckSymbolExists.c.o
/usr/bin/cc    -o CMakeFiles/cmTryCompileExec1251422005.dir/CheckSymbolExists.c.o   -c /home/mir-lab/mirvehicle_ws/build/CMakeFiles/CMakeTmp/CheckSymbolExists.c
Linking C executable cmTryCompileExec1251422005
/usr/bin/cmake -E cmake_link_script CMakeFiles/cmTryCompileExec1251422005.dir/link.txt --verbose=1
/usr/bin/cc       CMakeFiles/cmTryCompileExec1251422005.dir/CheckSymbolExists.c.o  -o cmTryCompileExec1251422005 -rdynamic 
CMakeFiles/cmTryCompileExec1251422005.dir/CheckSymbolExists.c.o: In function `main':
CheckSymbolExists.c:(.text+0x16): undefined reference to `pthread_create'
collect2: error: ld returned 1 exit status
make[1]: *** [cmTryCompileExec1251422005] Error 1
make[1]: Leaving directory `/home/mir-lab/mirvehicle_ws/build/CMakeFiles/CMakeTmp'
make: *** [cmTryCompileExec1251422005/fast] Error 2

File /home/mir-lab/mirvehicle_ws/build/CMakeFiles/CMakeTmp/CheckSymbolExists.c:
/* */
#include <pthread.h>

int main(int argc, char** argv)
{
  (void)argv;
#ifndef pthread_create
  return ((int*)(&pthread_create))[argc];
#else
  (void)argc;
  return 0;
#endif
}

Determining if the function pthread_create exists in the pthreads failed with the following output:
Change Dir: /home/mir-lab/mirvehicle_ws/build/CMakeFiles/CMakeTmp

Run Build Command:/usr/bin/make "cmTryCompileExec927229880/fast"
/usr/bin/make -f CMakeFiles/cmTryCompileExec927229880.dir/build.make CMakeFiles/cmTryCompileExec927229880.dir/build
make[1]: Entering directory `/home/mir-lab/mirvehicle_ws/build/CMakeFiles/CMakeTmp'
/usr/bin/cmake -E cmake_progress_report /home/mir-lab/mirvehicle_ws/build/CMakeFiles/CMakeTmp/CMakeFiles 1
Building C object CMakeFiles/cmTryCompileExec927229880.dir/CheckFunctionExists.c.o
/usr/bin/cc   -DCHECK_FUNCTION_EXISTS=pthread_create   -o CMakeFiles/cmTryCompileExec927229880.dir/CheckFunctionExists.c.o   -c /usr/share/cmake-2.8/Modules/CheckFunctionExists.c
Linking C executable cmTryCompileExec927229880
/usr/bin/cmake -E cmake_link_script CMakeFiles/cmTryCompileExec927229880.dir/link.txt --verbose=1
/usr/bin/cc   -DCHECK_FUNCTION_EXISTS=pthread_create    CMakeFiles/cmTryCompileExec927229880.dir/CheckFunctionExists.c.o  -o cmTryCompileExec927229880 -rdynamic -lpthreads 
/usr/bin/ld: cannot find -lpthreads
collect2: error: ld returned 1 exit status
make[1]: Leaving directory `/home/mir-lab/mirvehicle_ws/build/CMakeFiles/CMakeTmp'
make[1]: *** [cmTryCompileExec927229880] Error 1
make: *** [cmTryCompileExec927229880/fast] Error 2


